#
# There is insufficient memory for the Java Runtime Environment to continue.
# Native memory allocation (mmap) failed to map 132120576 bytes for G1 virtual space
# Possible reasons:
#   The system is out of physical RAM or swap space
#   The process is running with CompressedOops enabled, and the Java Heap may be blocking the growth of the native heap
# Possible solutions:
#   Reduce memory load on the system
#   Increase physical memory or swap space
#   Check if swap backing store is full
#   Decrease Java heap size (-Xmx/-Xms)
#   Decrease number of Java threads
#   Decrease Java thread stack sizes (-Xss)
#   Set larger code cache with -XX:ReservedCodeCacheSize=
#   JVM is running with Unscaled Compressed Oops mode in which the Java heap is
#     placed in the first 4GB address space. The Java Heap base address is the
#     maximum limit for the native heap growth. Please use -XX:HeapBaseMinAddress
#     to set the Java Heap base and to place the Java Heap above 4GB virtual address.
# This output file may be truncated or incomplete.
#
#  Out of Memory Error (os_windows.cpp:3466), pid=20304, tid=27812
#
# JRE version:  (16.0.2+7) (build )
# Java VM: Java HotSpot(TM) 64-Bit Server VM (16.0.2+7-67, mixed mode, sharing, tiered, compressed oops, compressed class ptrs, g1 gc, windows-amd64)
# No core dump will be written. Minidumps are not enabled by default on client versions of Windows
#

---------------  S U M M A R Y ------------

Command Line: -ea -Dfile.encoding=Cp1252 -XX:+ShowCodeDetailsInExceptionMessages org.eclipse.jdt.internal.junit.runner.RemoteTestRunner -version 3 -port 63370 -testLoaderClass org.eclipse.jdt.internal.junit4.runner.JUnit4TestLoader -loaderpluginname org.eclipse.jdt.junit4.runtime -classNames FOLTestCase

Host: Intel(R) Core(TM) i7-9750H CPU @ 2.60GHz, 12 cores, 7G,  Windows 10 , 64 bit Build 19041 (10.0.19041.1202)
Time: Wed Oct 20 17:11:04 2021 Hora oficial do Brasil elapsed time: 0.012359 seconds (0d 0h 0m 0s)

---------------  T H R E A D  ---------------

Current thread (0x0000019842b4ddf0):  JavaThread "Unknown thread" [_thread_in_vm, id=27812, stack(0x00000079e1500000,0x00000079e1600000)]

Stack: [0x00000079e1500000,0x00000079e1600000]
Native frames: (J=compiled Java code, j=interpreted, Vv=VM code, C=native code)
V  [jvm.dll+0x6681ca]
V  [jvm.dll+0x7c9e69]
V  [jvm.dll+0x7cb61e]
V  [jvm.dll+0x7cbc73]
V  [jvm.dll+0x242c55]
V  [jvm.dll+0x664f89]
V  [jvm.dll+0x659b75]
V  [jvm.dll+0x2fbfbb]
V  [jvm.dll+0x3031b6]
V  [jvm.dll+0x35299e]
V  [jvm.dll+0x352bcf]
V  [jvm.dll+0x2d3028]
V  [jvm.dll+0x2d4264]
V  [jvm.dll+0x79c741]
V  [jvm.dll+0x360791]
V  [jvm.dll+0x77a3f0]
V  [jvm.dll+0x3e4e8f]
V  [jvm.dll+0x3e6961]
C  [jli.dll+0x52fb]
C  [ucrtbase.dll+0x21bb2]
C  [KERNEL32.DLL+0x17034]
C  [ntdll.dll+0x52651]


---------------  P R O C E S S  ---------------

Threads class SMR info:
_java_thread_list=0x00007ffe971acbb8, length=0, elements={
}

Java Threads: ( => current thread )

Other Threads:
  0x0000019842b8c050 GCTaskThread "GC Thread#0" [stack: 0x00000079e1600000,0x00000079e1700000] [id=23644]
  0x0000019842b9cae0 ConcurrentGCThread "G1 Main Marker" [stack: 0x00000079e1700000,0x00000079e1800000] [id=31932]
  0x0000019842b9dc80 ConcurrentGCThread "G1 Conc#0" [stack: 0x00000079e1800000,0x00000079e1900000] [id=3704]

[error occurred during error reporting (printing all threads), id 0xc0000005, EXCEPTION_ACCESS_VIOLATION (0xc0000005) at pc=0x00007ffe96983ee7]

VM state: not at safepoint (not fully initialized)

VM Mutex/Monitor currently owned by a thread:  ([mutex/lock_event])
[0x0000019840a3c5a0] Heap_lock - owner thread: 0x0000019842b4ddf0

Heap address: 0x0000000082e00000, size: 2002 MB, Compressed Oops mode: 32-bit

CDS archive(s) mapped at: [0x0000000000000000-0x0000000000000000-0x0000000000000000), size 0, SharedBaseAddress: 0x0000000800000000, ArchiveRelocationMode: 0.
Narrow klass base: 0x0000000000000000, Narrow klass shift: 0, Narrow klass range: 0x0

GC Precious Log:
<Empty>

Heap:
 garbage-first heap   total 0K, used 0K [0x0000000082e00000, 0x0000000100000000)
  region size 1024K, 0 young (0K), 0 survivors (0K)

[error occurred during error reporting (printing heap information), id 0xc0000005, EXCEPTION_ACCESS_VIOLATION (0xc0000005) at pc=0x00007ffe96d61eed]

GC Heap History (0 events):
No events

Deoptimization events (0 events):
No events

Classes unloaded (0 events):
No events

Classes redefined (0 events):
No events

Internal exceptions (0 events):
No events

Events (1 events):
Event: 0.008 Loaded shared library C:\Program Files\Java\jdk-16.0.2\bin\java.dll


Dynamic libraries:
0x00007ff76fa90000 - 0x00007ff76faa0000 	C:\Program Files\Java\jdk-16.0.2\bin\javaw.exe
0x00007ffeeffb0000 - 0x00007ffef01a5000 	C:\WINDOWS\SYSTEM32\ntdll.dll
0x00007ffeee260000 - 0x00007ffeee31e000 	C:\WINDOWS\System32\KERNEL32.DLL
0x00007ffeed750000 - 0x00007ffeeda19000 	C:\WINDOWS\System32\KERNELBASE.dll
0x00007ffeedaf0000 - 0x00007ffeedbf0000 	C:\WINDOWS\System32\ucrtbase.dll
0x00007ffedcd60000 - 0x00007ffedcd78000 	C:\Program Files\Java\jdk-16.0.2\bin\jli.dll
0x00007ffecf980000 - 0x00007ffecf999000 	C:\Program Files\Java\jdk-16.0.2\bin\VCRUNTIME140.dll
0x00007ffeef0f0000 - 0x00007ffeef19c000 	C:\WINDOWS\System32\ADVAPI32.dll
0x00007ffeef1a0000 - 0x00007ffeef23e000 	C:\WINDOWS\System32\msvcrt.dll
0x00007ffeeec20000 - 0x00007ffeeecbb000 	C:\WINDOWS\System32\sechost.dll
0x00007ffeef6e0000 - 0x00007ffeef80a000 	C:\WINDOWS\System32\RPCRT4.dll
0x00007ffeee080000 - 0x00007ffeee221000 	C:\WINDOWS\System32\USER32.dll
0x00007ffeeda20000 - 0x00007ffeeda42000 	C:\WINDOWS\System32\win32u.dll
0x00007ffeee380000 - 0x00007ffeee3ab000 	C:\WINDOWS\System32\GDI32.dll
0x00007ffeedef0000 - 0x00007ffeedffb000 	C:\WINDOWS\System32\gdi32full.dll
0x00007ffed1d20000 - 0x00007ffed1fba000 	C:\WINDOWS\WinSxS\amd64_microsoft.windows.common-controls_6595b64144ccf1df_6.0.19041.1110_none_60b5254171f9507e\COMCTL32.dll
0x00007ffeeda50000 - 0x00007ffeedaed000 	C:\WINDOWS\System32\msvcp_win.dll
0x00007ffeeb6b0000 - 0x00007ffeeb6ba000 	C:\WINDOWS\SYSTEM32\VERSION.dll
0x00007ffeee230000 - 0x00007ffeee260000 	C:\WINDOWS\System32\IMM32.DLL
0x00007ffee21d0000 - 0x00007ffee21dc000 	C:\Program Files\Java\jdk-16.0.2\bin\vcruntime140_1.dll
0x00007ffecd930000 - 0x00007ffecd9c1000 	C:\Program Files\Java\jdk-16.0.2\bin\msvcp140.dll
0x00007ffe966a0000 - 0x00007ffe9724b000 	C:\Program Files\Java\jdk-16.0.2\bin\server\jvm.dll
0x00007ffeeecc0000 - 0x00007ffeeecc8000 	C:\WINDOWS\System32\PSAPI.DLL
0x00007ffed2710000 - 0x00007ffed2737000 	C:\WINDOWS\SYSTEM32\WINMM.dll
0x00007ffeeb6c0000 - 0x00007ffeeb6c9000 	C:\WINDOWS\SYSTEM32\WSOCK32.dll
0x00007ffeeeff0000 - 0x00007ffeef05b000 	C:\WINDOWS\System32\WS2_32.dll
0x00007ffeebf50000 - 0x00007ffeebf62000 	C:\WINDOWS\SYSTEM32\kernel.appcore.dll
0x00007ffee1910000 - 0x00007ffee191a000 	C:\Program Files\Java\jdk-16.0.2\bin\jimage.dll
0x00007ffeeaac0000 - 0x00007ffeeaca4000 	C:\WINDOWS\SYSTEM32\DBGHELP.DLL
0x00007ffed7cb0000 - 0x00007ffed7cdc000 	C:\WINDOWS\SYSTEM32\dbgcore.DLL
0x00007ffeede60000 - 0x00007ffeedee3000 	C:\WINDOWS\System32\bcryptPrimitives.dll
0x00007ffecda80000 - 0x00007ffecdaa5000 	C:\Program Files\Java\jdk-16.0.2\bin\java.dll

dbghelp: loaded successfully - version: 4.0.5 - missing functions: none
symbol engine: initialized successfully - sym options: 0x614 - pdb path: .;C:\Program Files\Java\jdk-16.0.2\bin;C:\WINDOWS\SYSTEM32;C:\WINDOWS\WinSxS\amd64_microsoft.windows.common-controls_6595b64144ccf1df_6.0.19041.1110_none_60b5254171f9507e;C:\Program Files\Java\jdk-16.0.2\bin\server

VM Arguments:
jvm_args: -ea -Dfile.encoding=Cp1252 -XX:+ShowCodeDetailsInExceptionMessages 
java_command: org.eclipse.jdt.internal.junit.runner.RemoteTestRunner -version 3 -port 63370 -testLoaderClass org.eclipse.jdt.internal.junit4.runner.JUnit4TestLoader -loaderpluginname org.eclipse.jdt.junit4.runtime -classNames FOLTestCase
java_class_path (initial): D:\Users\lucia\workspace420\FOLParser\build\classes;D:\Users\lucia\workspace420\FOLParser\lib\antlr-4.4-complete.jar;D:\eclipse420\plugins\org.junit_4.13.0.v20200204-1500.jar;D:\eclipse420\plugins\org.hamcrest.core_1.3.0.v20180420-1519.jar;D:\eclipse420\configuration\org.eclipse.osgi\181\0\.cp;D:\eclipse420\configuration\org.eclipse.osgi\180\0\.cp
Launcher Type: SUN_STANDARD

[Global flags]
     intx CICompilerCount                          = 4                                         {product} {ergonomic}
     uint ConcGCThreads                            = 3                                         {product} {ergonomic}
     uint G1ConcRefinementThreads                  = 10                                        {product} {ergonomic}
   size_t G1HeapRegionSize                         = 1048576                                   {product} {ergonomic}
    uintx GCDrainStackTargetSize                   = 64                                        {product} {ergonomic}
   size_t InitialHeapSize                          = 132120576                                 {product} {ergonomic}
   size_t MarkStackSize                            = 4194304                                   {product} {ergonomic}
   size_t MaxHeapSize                              = 2099249152                                {product} {ergonomic}
   size_t MinHeapDeltaBytes                        = 1048576                                   {product} {ergonomic}
   size_t MinHeapSize                              = 8388608                                   {product} {ergonomic}
    uintx NonNMethodCodeHeapSize                   = 5839372                                {pd product} {ergonomic}
    uintx NonProfiledCodeHeapSize                  = 122909434                              {pd product} {ergonomic}
    uintx ProfiledCodeHeapSize                     = 122909434                              {pd product} {ergonomic}
    uintx ReservedCodeCacheSize                    = 251658240                              {pd product} {ergonomic}
     bool SegmentedCodeCache                       = true                                      {product} {ergonomic}
     bool ShowCodeDetailsInExceptionMessages       = true                                   {manageable} {command line}
   size_t SoftMaxHeapSize                          = 2099249152                             {manageable} {ergonomic}
     bool UseCompressedClassPointers               = true                           {product lp64_product} {ergonomic}
     bool UseCompressedOops                        = true                           {product lp64_product} {ergonomic}
     bool UseG1GC                                  = true                                      {product} {ergonomic}
     bool UseLargePagesIndividualAllocation        = false                                  {pd product} {ergonomic}

Logging:
Log output configuration:
 #0: stdout all=warning uptime,level,tags
 #1: stderr all=off uptime,level,tags

Environment Variables:
JAVA_HOME=C:\Program Files (x86)\Java\jdk1.8.0_281
PATH=C:\Program Files\Common Files\Oracle\Java\javapath;D:\Program Files\BellSoft\LibericaJRE-16\bin\;D:\Program Files\BellSoft\LibericaJDK-16\bin\;C:\Program Files (x86)\Common Files\Oracle\Java\javapath;C:\Windows\system32;C:\Windows;C:\Windows\System32\Wbem;C:\Windows\System32\WindowsPowerShell\v1.0\;C:\Windows\System32\OpenSSH\;C:\Program Files (x86)\NVIDIA Corporation\PhysX\Common;C:\Program Files\NVIDIA Corporation\NVIDIA NvDLISR;C:\Program Files\PuTTY\;D:\Program Files (x86)\Java\jdk1.6.0_24\bin;C:\WINDOWS\system32;C:\WINDOWS;C:\WINDOWS\System32\Wbem;C:\WINDOWS\System32\WindowsPowerShell\v1.0\;C:\WINDOWS\System32\OpenSSH\;C:\Program Files\swipl\bin;C:\Program Files\Graphviz\bin;C:\Users\lucia\AppData\Local\Microsoft\WindowsApps;D:\Users\lucia\AppData\Local\Programs\MiKTeX\miktex\bin\x64\;D:\Program Files\JetBrains\PyCharm Community Edition 2020.3.3\bin;;
USERNAME=lucia
OS=Windows_NT
PROCESSOR_IDENTIFIER=Intel64 Family 6 Model 158 Stepping 10, GenuineIntel



---------------  S Y S T E M  ---------------

OS:
 Windows 10 , 64 bit Build 19041 (10.0.19041.1202)
OS uptime: 2 days 21:08 hours

CPU: total 12 (initial active 12) (6 cores per cpu, 2 threads per core) family 6 model 158 stepping 10 microcode 0xea, cx8, cmov, fxsr, ht, mmx, 3dnowpref, sse, sse2, sse3, ssse3, sse4.1, sse4.2, popcnt, lzcnt, tsc, tscinvbit, avx, avx2, aes, erms, clmul, bmi1, bmi2, adx, fma, vzeroupper, clflush, clflushopt

Memory: 4k page, system-wide physical 8002M (500M free)
TotalPageFile size 20933M (AvailPageFile size 74M)
current process WorkingSet (physical memory assigned to process): 10M, peak: 10M
current process commit charge ("private bytes"): 64M, peak: 190M

vm_info: Java HotSpot(TM) 64-Bit Server VM (16.0.2+7-67) for windows-amd64 JRE (16.0.2+7-67), built on Jun  8 2021 23:24:19 by "mach5one" with MS VC++ 16.7 (VS2019)

END.
